2024-09-21 04:59:18,842 - DEBUG - Starting new HTTP connection (1): localhost:80
2024-09-21 04:59:18,846 - DEBUG - http://localhost:80 "GET / HTTP/1.1" 302 219
2024-09-21 04:59:18,852 - DEBUG - http://localhost:80 "GET /login/?next=%2F HTTP/1.1" 200 1632
2024-09-21 04:59:19,091 - DEBUG - http://localhost:80 "POST /login/ HTTP/1.1" 302 189
2024-09-21 04:59:19,096 - DEBUG - http://localhost:80 "GET / HTTP/1.1" 200 982
2024-09-21 04:59:22,023 - DEBUG - http://localhost:80 "POST /api/v1/sketches/4/explore/ HTTP/1.1" 200 8426144
2024-09-21 04:59:22,117 - DEBUG - http://localhost:80 "POST /api/v1/sketches/4/explore/ HTTP/1.1" 200 1074
2024-09-21 04:59:22,131 - DEBUG - http://localhost:80 "GET /api/v1/sketches/4/archive/ HTTP/1.1" 200 172
2024-09-21 04:59:22,134 - DEBUG - http://localhost:80 "GET /api/v1/sketches/4 HTTP/1.1" 308 257
2024-09-21 04:59:22,198 - DEBUG - http://localhost:80 "GET /api/v1/sketches/4/ HTTP/1.1" 200 33974
2024-09-21 05:00:09,632 - DEBUG - Starting new HTTP connection (1): localhost:80
2024-09-21 05:00:09,635 - DEBUG - http://localhost:80 "GET / HTTP/1.1" 302 219
2024-09-21 05:00:09,641 - DEBUG - http://localhost:80 "GET /login/?next=%2F HTTP/1.1" 200 1632
2024-09-21 05:00:09,880 - DEBUG - http://localhost:80 "POST /login/ HTTP/1.1" 302 189
2024-09-21 05:00:09,884 - DEBUG - http://localhost:80 "GET / HTTP/1.1" 200 982
2024-09-21 05:00:12,505 - DEBUG - http://localhost:80 "POST /api/v1/sketches/4/explore/ HTTP/1.1" 200 8426144
2024-09-21 05:00:12,601 - DEBUG - http://localhost:80 "POST /api/v1/sketches/4/explore/ HTTP/1.1" 200 1074
2024-09-21 05:00:12,616 - DEBUG - http://localhost:80 "GET /api/v1/sketches/4/archive/ HTTP/1.1" 200 172
2024-09-21 05:00:12,619 - DEBUG - http://localhost:80 "GET /api/v1/sketches/4 HTTP/1.1" 308 257
2024-09-21 05:00:12,682 - DEBUG - http://localhost:80 "GET /api/v1/sketches/4/ HTTP/1.1" 200 33974
2024-09-21 05:02:14,931 - DEBUG - Starting new HTTP connection (1): localhost:80
2024-09-21 05:02:14,934 - DEBUG - http://localhost:80 "GET / HTTP/1.1" 302 219
2024-09-21 05:02:14,939 - DEBUG - http://localhost:80 "GET /login/?next=%2F HTTP/1.1" 200 1632
2024-09-21 05:02:15,179 - DEBUG - http://localhost:80 "POST /login/ HTTP/1.1" 302 189
2024-09-21 05:02:15,184 - DEBUG - http://localhost:80 "GET / HTTP/1.1" 200 982
2024-09-21 05:02:18,662 - DEBUG - http://localhost:80 "POST /api/v1/sketches/4/explore/ HTTP/1.1" 200 8426144
2024-09-21 05:02:18,763 - DEBUG - http://localhost:80 "POST /api/v1/sketches/4/explore/ HTTP/1.1" 200 1074
2024-09-21 05:02:18,777 - DEBUG - http://localhost:80 "GET /api/v1/sketches/4/archive/ HTTP/1.1" 200 172
2024-09-21 05:02:18,781 - DEBUG - http://localhost:80 "GET /api/v1/sketches/4 HTTP/1.1" 308 257
2024-09-21 05:02:18,845 - DEBUG - http://localhost:80 "GET /api/v1/sketches/4/ HTTP/1.1" 200 33974
